<?xml version="1.0" encoding="UTF-8"?>
<!-- Generated by org.testng.reporters.JUnitReportReporter -->
<testsuite hostname="Ashton" failures="0" tests="6" name="day2.PositiveContactListTest" time="12.112" errors="0" timestamp="08 Oct 2021 11:44:39 GMT" skipped="2">
  <testcase classname="day2.PositiveContactListTest" name="deleteContact" time="0.476"/>
  <testcase classname="day2.PositiveContactListTest" name="addingContact" time="2.697"/>
  <testcase classname="day2.PositiveContactListTest" name="updateContact" time="0.457"/>
  <testcase classname="day2.PositiveContactListTest" name="getContactListInfo" time="8.482"/>
  <testcase classname="day2.PositiveContactListTest" name="getSpecificContact2">
    <skipped/>
  </testcase> <!-- getSpecificContact2 -->
  <testcase classname="day2.PositiveContactListTest" name="getSpecificContact">
    <skipped/>
  </testcase> <!-- getSpecificContact -->
</testsuite> <!-- day2.PositiveContactListTest -->
