<?xml version="1.0" encoding="UTF-8"?>
<!-- Generated by org.testng.reporters.JUnitReportReporter -->
<testsuite hostname="Ashton" failures="0" tests="5" name="day2.NegativeContactListTest" time="3.605" errors="0" timestamp="08 Oct 2021 07:28:29 GMT" skipped="1">
  <testcase classname="day2.NegativeContactListTest" name="addingContactTooManyCharacters" time="0.443"/>
  <testcase classname="day2.NegativeContactListTest" name="addingContactNotProperFormat" time="0.467"/>
  <testcase classname="day2.NegativeContactListTest" name="addingContactInvalidCharacters" time="2.242"/>
  <testcase classname="day2.NegativeContactListTest" name="addingContactMissingParameter" time="0.453"/>
  <testcase classname="day2.NegativeContactListTest" name="recordNotFound">
    <skipped/>
  </testcase> <!-- recordNotFound -->
</testsuite> <!-- day2.NegativeContactListTest -->
